<?xml version="1.0" encoding="UTF-8"?>
<!-- Generated by org.testng.reporters.JUnitXMLReporter -->
<testsuite ignored="0" hostname="DESKTOP-T1OTQ1E" failures="1" tests="5" name="Test" time="220.607" errors="0" timestamp="2022-08-17T01:52:32 IST">
  <testcase classname="com.facebook.qa.test.LoginPageTest" name="LoginPageTitle" time="0.595"/>
  <testcase classname="com.facebook.qa.test.LoginPageTest" name="loginTest" time="2.158"/>
  <testcase classname="com.facebook.qa.test.SignUpPageTest" name="createNewAccountTest" time="16.863"/>
  <testcase classname="com.facebook.qa.test.ProfilePageTest" name="verifyProfilePageTest" time="18.266"/>
  <testcase classname="com.facebook.qa.test.HomePageTest" name="verifyHomePageTitleTest" time="8.677">
    <failure type="java.lang.AssertionError" message="expected [Facebook] but found [Log in to Facebook]">
      <![CDATA[java.lang.AssertionError: expected [Facebook] but found [Log in to Facebook]
at com.facebook.qa.test.HomePageTest.verifyHomePageTitleTest(HomePageTest.java:33)
at java.base/java.util.ArrayList.forEach(ArrayList.java:1511)
... Removed 33 stack frames]]>
    </failure>
  </testcase> <!-- verifyHomePageTitleTest -->
</testsuite> <!-- Test -->
